0 info it worked if it ends with ok
1 verbose cli [ '/usr/local/bin/node', '/usr/local/bin/npm', 'start' ]
2 info using npm@4.1.2
3 info using node@v7.6.0
4 verbose run-script [ 'prestart', 'start', 'poststart' ]
5 info lifecycle sms@1.0.0~prestart: sms@1.0.0
6 silly lifecycle sms@1.0.0~prestart: no script for prestart, continuing
7 info lifecycle sms@1.0.0~start: sms@1.0.0
8 verbose lifecycle sms@1.0.0~start: unsafe-perm in lifecycle true
9 verbose lifecycle sms@1.0.0~start: PATH: /usr/local/lib/node_modules/npm/bin/node-gyp-bin:/home/ankit/Ankit/development/student-management-system-web/node_modules/.bin:/usr/local/sbin:/usr/local/bin:/usr/sbin:/usr/bin:/sbin:/bin:/usr/games:/usr/local/games:/snap/bin
10 verbose lifecycle sms@1.0.0~start: CWD: /home/ankit/Ankit/development/student-management-system-web
11 silly lifecycle sms@1.0.0~start: Args: [ '-c', 'webpack-dev-server --hot' ]
12 info lifecycle sms@1.0.0~start: Failed to exec start script
13 verbose stack Error: sms@1.0.0 start: `webpack-dev-server --hot`
13 verbose stack spawn ENOENT
13 verbose stack     at ChildProcess.<anonymous> (/usr/local/lib/node_modules/npm/lib/utils/spawn.js:33:16)
13 verbose stack     at emitTwo (events.js:106:13)
13 verbose stack     at ChildProcess.emit (events.js:192:7)
13 verbose stack     at maybeClose (internal/child_process.js:890:16)
13 verbose stack     at Process.ChildProcess._handle.onexit (internal/child_process.js:226:5)
14 verbose pkgid sms@1.0.0
15 verbose cwd /home/ankit/Ankit/development/student-management-system-web
16 error Linux 4.4.0-66-generic
17 error argv "/usr/local/bin/node" "/usr/local/bin/npm" "start"
18 error node v7.6.0
19 error npm  v4.1.2
20 error file sh
21 error code ELIFECYCLE
22 error errno ENOENT
23 error syscall spawn
24 error sms@1.0.0 start: `webpack-dev-server --hot`
24 error spawn ENOENT
25 error Failed at the sms@1.0.0 start script 'webpack-dev-server --hot'.
25 error Make sure you have the latest version of node.js and npm installed.
25 error If you do, this is most likely a problem with the sms package,
25 error not with npm itself.
25 error Tell the author that this fails on your system:
25 error     webpack-dev-server --hot
25 error You can get information on how to open an issue for this project with:
25 error     npm bugs sms
25 error Or if that isn't available, you can get their info via:
25 error     npm owner ls sms
25 error There is likely additional logging output above.
26 verbose exit [ 1, true ]
